Determining if the pthread_create exist failed with the following output:
Change Dir: /home/glyn/budde_ws/build/catkin_tools_prebuild/CMakeFiles/CMakeTmp

Run Build Command:"/usr/bin/make" "cmTC_3acb5/fast"
/usr/bin/make -f CMakeFiles/cmTC_3acb5.dir/build.make CMakeFiles/cmTC_3acb5.dir/build
make[1]: Entering directory '/home/glyn/budde_ws/build/catkin_tools_prebuild/CMakeFiles/CMakeTmp'
Building C object CMakeFiles/cmTC_3acb5.dir/CheckSymbolExists.c.o
/usr/bin/cc    -o CMakeFiles/cmTC_3acb5.dir/CheckSymbolExists.c.o   -c /home/glyn/budde_ws/build/catkin_tools_prebuild/CMakeFiles/CMakeTmp/CheckSymbolExists.c
Linking C executable cmTC_3acb5
/usr/bin/cmake -E cmake_link_script CMakeFiles/cmTC_3acb5.dir/link.txt --verbose=1
/usr/bin/cc      -rdynamic CMakeFiles/cmTC_3acb5.dir/CheckSymbolExists.c.o  -o cmTC_3acb5 
CMakeFiles/cmTC_3acb5.dir/CheckSymbolExists.c.o: In function `main':
CheckSymbolExists.c:(.text+0x1b): undefined reference to `pthread_create'
collect2: error: ld returned 1 exit status
CMakeFiles/cmTC_3acb5.dir/build.make:97: recipe for target 'cmTC_3acb5' failed
make[1]: *** [cmTC_3acb5] Error 1
make[1]: Leaving directory '/home/glyn/budde_ws/build/catkin_tools_prebuild/CMakeFiles/CMakeTmp'
Makefile:126: recipe for target 'cmTC_3acb5/fast' failed
make: *** [cmTC_3acb5/fast] Error 2

File /home/glyn/budde_ws/build/catkin_tools_prebuild/CMakeFiles/CMakeTmp/CheckSymbolExists.c:
/* */
#include <pthread.h>

int main(int argc, char** argv)
{
  (void)argv;
#ifndef pthread_create
  return ((int*)(&pthread_create))[argc];
#else
  (void)argc;
  return 0;
#endif
}

Determining if the function pthread_create exists in the pthreads failed with the following output:
Change Dir: /home/glyn/budde_ws/build/catkin_tools_prebuild/CMakeFiles/CMakeTmp

Run Build Command:"/usr/bin/make" "cmTC_397f9/fast"
/usr/bin/make -f CMakeFiles/cmTC_397f9.dir/build.make CMakeFiles/cmTC_397f9.dir/build
make[1]: Entering directory '/home/glyn/budde_ws/build/catkin_tools_prebuild/CMakeFiles/CMakeTmp'
Building C object CMakeFiles/cmTC_397f9.dir/CheckFunctionExists.c.o
/usr/bin/cc   -DCHECK_FUNCTION_EXISTS=pthread_create   -o CMakeFiles/cmTC_397f9.dir/CheckFunctionExists.c.o   -c /usr/share/cmake-3.10/Modules/CheckFunctionExists.c
Linking C executable cmTC_397f9
/usr/bin/cmake -E cmake_link_script CMakeFiles/cmTC_397f9.dir/link.txt --verbose=1
/usr/bin/cc  -DCHECK_FUNCTION_EXISTS=pthread_create    -rdynamic CMakeFiles/cmTC_397f9.dir/CheckFunctionExists.c.o  -o cmTC_397f9 -lpthreads 
/usr/bin/ld: cannot find -lpthreads
collect2: error: ld returned 1 exit status
CMakeFiles/cmTC_397f9.dir/build.make:97: recipe for target 'cmTC_397f9' failed
make[1]: *** [cmTC_397f9] Error 1
make[1]: Leaving directory '/home/glyn/budde_ws/build/catkin_tools_prebuild/CMakeFiles/CMakeTmp'
Makefile:126: recipe for target 'cmTC_397f9/fast' failed
make: *** [cmTC_397f9/fast] Error 2


