Determining if the pthread_create exist failed with the following output:
Change Dir: /home/glyn/budde_ws/build/ddynamic_reconfigure/CMakeFiles/CMakeTmp

Run Build Command:"/usr/bin/make" "cmTC_a0e22/fast"
/usr/bin/make -f CMakeFiles/cmTC_a0e22.dir/build.make CMakeFiles/cmTC_a0e22.dir/build
make[1]: Entering directory '/home/glyn/budde_ws/build/ddynamic_reconfigure/CMakeFiles/CMakeTmp'
Building C object CMakeFiles/cmTC_a0e22.dir/CheckSymbolExists.c.o
/usr/bin/cc    -o CMakeFiles/cmTC_a0e22.dir/CheckSymbolExists.c.o   -c /home/glyn/budde_ws/build/ddynamic_reconfigure/CMakeFiles/CMakeTmp/CheckSymbolExists.c
Linking C executable cmTC_a0e22
/usr/bin/cmake -E cmake_link_script CMakeFiles/cmTC_a0e22.dir/link.txt --verbose=1
/usr/bin/cc      -rdynamic CMakeFiles/cmTC_a0e22.dir/CheckSymbolExists.c.o  -o cmTC_a0e22 
CMakeFiles/cmTC_a0e22.dir/CheckSymbolExists.c.o: In function `main':
CheckSymbolExists.c:(.text+0x1b): undefined reference to `pthread_create'
collect2: error: ld returned 1 exit status
CMakeFiles/cmTC_a0e22.dir/build.make:97: recipe for target 'cmTC_a0e22' failed
make[1]: *** [cmTC_a0e22] Error 1
make[1]: Leaving directory '/home/glyn/budde_ws/build/ddynamic_reconfigure/CMakeFiles/CMakeTmp'
Makefile:126: recipe for target 'cmTC_a0e22/fast' failed
make: *** [cmTC_a0e22/fast] Error 2

File /home/glyn/budde_ws/build/ddynamic_reconfigure/CMakeFiles/CMakeTmp/CheckSymbolExists.c:
/* */
#include <pthread.h>

int main(int argc, char** argv)
{
  (void)argv;
#ifndef pthread_create
  return ((int*)(&pthread_create))[argc];
#else
  (void)argc;
  return 0;
#endif
}

Determining if the function pthread_create exists in the pthreads failed with the following output:
Change Dir: /home/glyn/budde_ws/build/ddynamic_reconfigure/CMakeFiles/CMakeTmp

Run Build Command:"/usr/bin/make" "cmTC_8805d/fast"
/usr/bin/make -f CMakeFiles/cmTC_8805d.dir/build.make CMakeFiles/cmTC_8805d.dir/build
make[1]: Entering directory '/home/glyn/budde_ws/build/ddynamic_reconfigure/CMakeFiles/CMakeTmp'
Building C object CMakeFiles/cmTC_8805d.dir/CheckFunctionExists.c.o
/usr/bin/cc   -DCHECK_FUNCTION_EXISTS=pthread_create   -o CMakeFiles/cmTC_8805d.dir/CheckFunctionExists.c.o   -c /usr/share/cmake-3.10/Modules/CheckFunctionExists.c
Linking C executable cmTC_8805d
/usr/bin/cmake -E cmake_link_script CMakeFiles/cmTC_8805d.dir/link.txt --verbose=1
/usr/bin/cc  -DCHECK_FUNCTION_EXISTS=pthread_create    -rdynamic CMakeFiles/cmTC_8805d.dir/CheckFunctionExists.c.o  -o cmTC_8805d -lpthreads 
/usr/bin/ld: cannot find -lpthreads
collect2: error: ld returned 1 exit status
CMakeFiles/cmTC_8805d.dir/build.make:97: recipe for target 'cmTC_8805d' failed
make[1]: *** [cmTC_8805d] Error 1
make[1]: Leaving directory '/home/glyn/budde_ws/build/ddynamic_reconfigure/CMakeFiles/CMakeTmp'
Makefile:126: recipe for target 'cmTC_8805d/fast' failed
make: *** [cmTC_8805d/fast] Error 2


