[36m--[0m Using CATKIN_DEVEL_PREFIX: /home/glyn/budde_ws/devel/.private/trashbot_2dnav
[36m--[0m Using CMAKE_PREFIX_PATH: /home/glyn/budde_ws/devel;/home/glyn/ros_amr/devel;/home/glyn/ros_amr_ws/devel;/home/glyn/catkin_ws/devel;/opt/ros/melodic
[36m--[0m This workspace overlays: /home/glyn/budde_ws/devel;/home/glyn/ros_amr/devel;/home/glyn/ros_amr_ws/devel;/home/glyn/catkin_ws/devel;/opt/ros/melodic
[36m--[0m Found PythonInterp: /usr/bin/python2 (found suitable version "2.7.15", minimum required is "2")
[36m--[0m Using PYTHON_EXECUTABLE: /usr/bin/python2
[36m--[0m Using Debian Python package layout
[36m--[0m Using empy: /usr/bin/empy
[36m--[0m Using CATKIN_ENABLE_TESTING: ON
[36m--[0m Call enable_testing()
[36m--[0m Using CATKIN_TEST_RESULTS_DIR: /home/glyn/budde_ws/build/trashbot_2dnav/test_results
[36m--[0m Found gtest sources under '/usr/src/googletest': gtests will be built
[36m--[0m Found gmock sources under '/usr/src/googletest': gmock will be built
[36m--[0m Found PythonInterp: /usr/bin/python2 (found version "2.7.15")
[36m--[0m Using Python nosetests: /usr/bin/nosetests-2.7
[36m--[0m catkin 0.7.19
[36m--[0m BUILD_SHARED_LIBS is on
[36m--[0m Using these message generators: gencpp;geneus;genlisp;gennodejs;genpy
[31m[1mCMake Error[0m at /opt/ros/melodic/share/catkin/cmake/catkin_install_python.cmake:57 (message):
  catkin_install_python() called with non-existing file
  '/home/glyn/budde_ws/src/trashbot_2dnav/bin/motor_intermediate'.
[36mCall Stack (most recent call first):[0m
  CMakeLists.txt:186 (catkin_install_python)


[36m--[0m Configuring incomplete, errors occurred!
See also "/home/glyn/budde_ws/build/trashbot_2dnav/CMakeFiles/CMakeOutput.log".
See also "/home/glyn/budde_ws/build/trashbot_2dnav/CMakeFiles/CMakeError.log".
Makefile:1132: recipe for target 'cmake_check_build_system' failed
make: *** [cmake_check_build_system] Error 1
